[14:20:51] [log] writing to /Users/ahmade/Documents/rv_estimator/polygon_data_download/logs/20260526T142051_polygon_fundamentals.log
[14:20:51] [log] argv: /Users/ahmade/Documents/rv_estimator/polygon_data_download/download.py fundamentals --workers 12
[14:20:51] universe: 16,516 tickers  datasets: ['income_statements', 'balance_sheets', 'cash_flow', 'ratios', 'short_interest', 'short_volume']  workers: 12
[14:20:51] [income_statements] 16516 to fetch  (skipping 0 done/empty)
[14:20:53]   [income_statements] 200/16516 processed
[14:20:55]   [income_statements] 400/16516 processed
[14:20:57]   [income_statements] 600/16516 processed
[14:20:59]   [income_statements] 800/16516 processed
[14:21:01]   [income_statements] 1000/16516 processed
[14:21:03]   [income_statements] 1200/16516 processed
[14:21:05]   [income_statements] 1400/16516 processed
[14:21:08]   [income_statements] 1600/16516 processed
[14:21:10]   [income_statements] 1800/16516 processed
[14:21:11]   [income_statements] 2000/16516 processed
[14:21:13]   [income_statements] 2200/16516 processed
[14:21:15]   [income_statements] 2400/16516 processed
[14:21:18]   [income_statements] 2600/16516 processed
[14:21:19]   [income_statements] 2800/16516 processed
[14:21:22]   [income_statements] 3000/16516 processed
[14:21:24]   [income_statements] 3200/16516 processed
[14:21:26]   [income_statements] 3400/16516 processed
[14:21:28]   [income_statements] 3600/16516 processed
[14:21:30]   [income_statements] 3800/16516 processed
[14:21:32]   [income_statements] 4000/16516 processed
[14:21:34]   [income_statements] 4200/16516 processed
[14:21:36]   [income_statements] 4400/16516 processed
[14:21:37]   [income_statements] 4600/16516 processed
[14:21:39]   [income_statements] 4800/16516 processed
[14:21:41]   [income_statements] 5000/16516 processed
[14:21:43]   [income_statements] 5200/16516 processed
[14:21:45]   [income_statements] 5400/16516 processed
[14:21:47]   [income_statements] 5600/16516 processed
[14:21:49]   [income_statements] 5800/16516 processed
[14:21:52]   [income_statements] 6000/16516 processed
[14:21:53]   [income_statements] 6200/16516 processed
[14:21:55]   [income_statements] 6400/16516 processed
[14:21:57]   [income_statements] 6600/16516 processed
[14:21:59]   [income_statements] 6800/16516 processed
[14:22:01]   [income_statements] 7000/16516 processed
[14:22:03]   [income_statements] 7200/16516 processed
[14:22:05]   [income_statements] 7400/16516 processed
[14:22:07]   [income_statements] 7600/16516 processed
[14:22:08]   [income_statements] 7800/16516 processed
[14:22:10]   [income_statements] 8000/16516 processed
[14:22:12]   [income_statements] 8200/16516 processed
[14:22:14]   [income_statements] 8400/16516 processed
[14:22:16]   [income_statements] 8600/16516 processed
[14:22:18]   [income_statements] 8800/16516 processed
[14:22:20]   [income_statements] 9000/16516 processed
[14:22:23]   [income_statements] 9200/16516 processed
[14:22:25]   [income_statements] 9400/16516 processed
[14:22:27]   [income_statements] 9600/16516 processed
[14:22:29]   [income_statements] 9800/16516 processed
[14:22:30]   [income_statements] 10000/16516 processed
[14:22:32]   [income_statements] 10200/16516 processed
[14:22:34]   [income_statements] 10400/16516 processed
[14:22:36]   [income_statements] 10600/16516 processed
[14:22:38]   [income_statements] 10800/16516 processed
[14:22:40]   [income_statements] 11000/16516 processed
[14:22:42]   [income_statements] 11200/16516 processed
[14:22:44]   [income_statements] 11400/16516 processed
[14:22:46]   [income_statements] 11600/16516 processed
[14:22:47]   [income_statements] 11800/16516 processed
[14:22:49]   [income_statements] 12000/16516 processed
[14:22:51]   [income_statements] 12200/16516 processed
[14:22:53]   [income_statements] 12400/16516 processed
[14:22:55]   [income_statements] 12600/16516 processed
[14:22:57]   [income_statements] 12800/16516 processed
[14:22:59]   [income_statements] 13000/16516 processed
[14:23:01]   [income_statements] 13200/16516 processed
[14:23:03]   [income_statements] 13400/16516 processed
[14:23:05]   [income_statements] 13600/16516 processed
[14:23:07]   [income_statements] 13800/16516 processed
[14:23:09]   [income_statements] 14000/16516 processed
[14:23:10]   [income_statements] 14200/16516 processed
[14:23:12]   [income_statements] 14400/16516 processed
[14:23:15]   [income_statements] 14600/16516 processed
[14:23:16]   [income_statements] 14800/16516 processed
[14:23:18]   [income_statements] 15000/16516 processed
[14:23:20]   [income_statements] 15200/16516 processed
[14:23:23]   [income_statements] 15400/16516 processed
[14:23:25]   [income_statements] 15600/16516 processed
[14:23:27]   [income_statements] 15800/16516 processed
[14:23:29]   [income_statements] 16000/16516 processed
[14:23:30]   [income_statements] 16200/16516 processed
[14:23:32]   [income_statements] 16400/16516 processed
[14:23:33] [balance_sheets] 16516 to fetch  (skipping 0 done/empty)
[14:23:36]   [balance_sheets] 200/16516 processed
[14:23:38]   [balance_sheets] 400/16516 processed
[14:23:40]   [balance_sheets] 600/16516 processed
[14:23:42]   [balance_sheets] 800/16516 processed
[14:23:43]   [balance_sheets] 1000/16516 processed
[14:23:45]   [balance_sheets] 1200/16516 processed
[14:23:47]   [balance_sheets] 1400/16516 processed
[14:23:49]   [balance_sheets] 1600/16516 processed
[14:23:52]   [balance_sheets] 1800/16516 processed
[14:23:53]   [balance_sheets] 2000/16516 processed
[14:23:55]   [balance_sheets] 2200/16516 processed
[14:23:57]   [balance_sheets] 2400/16516 processed
[14:23:59]   [balance_sheets] 2600/16516 processed
[14:24:01]   [balance_sheets] 2800/16516 processed
[14:24:03]   [balance_sheets] 3000/16516 processed
[14:24:05]   [balance_sheets] 3200/16516 processed
[14:24:07]   [balance_sheets] 3400/16516 processed
[14:24:09]   [balance_sheets] 3600/16516 processed
[14:24:12]   [balance_sheets] 3800/16516 processed
[14:24:13]   [balance_sheets] 4000/16516 processed
[14:24:15]   [balance_sheets] 4200/16516 processed
[14:24:17]   [balance_sheets] 4400/16516 processed
[14:24:19]   [balance_sheets] 4600/16516 processed
[14:24:22]   [balance_sheets] 4800/16516 processed
[14:24:24]   [balance_sheets] 5000/16516 processed
[14:24:25]   [balance_sheets] 5200/16516 processed
[14:24:27]   [balance_sheets] 5400/16516 processed
[14:24:29]   [balance_sheets] 5600/16516 processed
[14:24:31]   [balance_sheets] 5800/16516 processed
[14:24:33]   [balance_sheets] 6000/16516 processed
[14:24:35]   [balance_sheets] 6200/16516 processed
[14:24:37]   [balance_sheets] 6400/16516 processed
[14:24:38]   [balance_sheets] 6600/16516 processed
[14:24:40]   [balance_sheets] 6800/16516 processed
[14:24:42]   [balance_sheets] 7000/16516 processed
[14:24:44]   [balance_sheets] 7200/16516 processed
[14:24:46]   [balance_sheets] 7400/16516 processed
[14:24:48]   [balance_sheets] 7600/16516 processed
[14:24:50]   [balance_sheets] 7800/16516 processed
[14:24:53]   [balance_sheets] 8000/16516 processed
[14:24:54]   [balance_sheets] 8200/16516 processed
[14:24:56]   [balance_sheets] 8400/16516 processed
[14:24:58]   [balance_sheets] 8600/16516 processed
[14:25:00]   [balance_sheets] 8800/16516 processed
[14:25:02]   [balance_sheets] 9000/16516 processed
[14:25:04]   [balance_sheets] 9200/16516 processed
[14:25:06]   [balance_sheets] 9400/16516 processed
[14:25:08]   [balance_sheets] 9600/16516 processed
[14:25:10]   [balance_sheets] 9800/16516 processed
[14:25:12]   [balance_sheets] 10000/16516 processed
[14:25:14]   [balance_sheets] 10200/16516 processed
[14:25:16]   [balance_sheets] 10400/16516 processed
[14:25:18]   [balance_sheets] 10600/16516 processed
[14:25:20]   [balance_sheets] 10800/16516 processed
[14:25:22]   [balance_sheets] 11000/16516 processed
[14:25:24]   [balance_sheets] 11200/16516 processed
[14:25:25]   [balance_sheets] 11400/16516 processed
[14:25:27]   [balance_sheets] 11600/16516 processed
[14:25:29]   [balance_sheets] 11800/16516 processed
[14:25:31]   [balance_sheets] 12000/16516 processed
[14:25:33]   [balance_sheets] 12200/16516 processed
[14:25:35]   [balance_sheets] 12400/16516 processed
[14:25:37]   [balance_sheets] 12600/16516 processed
[14:25:39]   [balance_sheets] 12800/16516 processed
[14:25:41]   [balance_sheets] 13000/16516 processed
[14:25:43]   [balance_sheets] 13200/16516 processed
[14:25:45]   [balance_sheets] 13400/16516 processed
[14:25:47]   [balance_sheets] 13600/16516 processed
[14:25:49]   [balance_sheets] 13800/16516 processed
[14:25:50]   [balance_sheets] 14000/16516 processed
[14:25:53]   [balance_sheets] 14200/16516 processed
[14:25:55]   [balance_sheets] 14400/16516 processed
[14:25:57]   [balance_sheets] 14600/16516 processed
[14:25:59]   [balance_sheets] 14800/16516 processed
[14:26:01]   [balance_sheets] 15000/16516 processed
[14:26:03]   [balance_sheets] 15200/16516 processed
[14:26:05]   [balance_sheets] 15400/16516 processed
[14:26:07]   [balance_sheets] 15600/16516 processed
[14:26:09]   [balance_sheets] 15800/16516 processed
[14:26:11]   [balance_sheets] 16000/16516 processed
[14:26:13]   [balance_sheets] 16200/16516 processed
[14:26:15]   [balance_sheets] 16400/16516 processed
[14:26:16] [cash_flow] 16516 to fetch  (skipping 0 done/empty)
[14:26:18]   [cash_flow] 200/16516 processed
[14:26:20]   [cash_flow] 400/16516 processed
[14:26:23]   [cash_flow] 600/16516 processed
[14:26:25]   [cash_flow] 800/16516 processed
[14:26:27]   [cash_flow] 1000/16516 processed
[14:26:29]   [cash_flow] 1200/16516 processed
[14:26:31]   [cash_flow] 1400/16516 processed
[14:26:32]   [cash_flow] 1600/16516 processed
[14:26:34]   [cash_flow] 1800/16516 processed
[14:26:37]   [cash_flow] 2000/16516 processed
[14:26:39]   [cash_flow] 2200/16516 processed
[14:26:41]   [cash_flow] 2400/16516 processed
[14:26:43]   [cash_flow] 2600/16516 processed
[14:26:44]   [cash_flow] 2800/16516 processed
[14:26:46]   [cash_flow] 3000/16516 processed
[14:26:48]   [cash_flow] 3200/16516 processed
[14:26:50]   [cash_flow] 3400/16516 processed
[14:26:53]   [cash_flow] 3600/16516 processed
[14:26:54]   [cash_flow] 3800/16516 processed
[14:26:56]   [cash_flow] 4000/16516 processed
[14:26:58]   [cash_flow] 4200/16516 processed
[14:27:00]   [cash_flow] 4400/16516 processed
[14:27:02]   [cash_flow] 4600/16516 processed
[14:27:04]   [cash_flow] 4800/16516 processed
[14:27:07]   [cash_flow] 5000/16516 processed
[14:27:09]   [cash_flow] 5200/16516 processed
[14:27:11]   [cash_flow] 5400/16516 processed
[14:27:12]   [cash_flow] 5600/16516 processed
[14:27:14]   [cash_flow] 5800/16516 processed
[14:27:16]   [cash_flow] 6000/16516 processed
[14:27:18]   [cash_flow] 6200/16516 processed
[14:27:20]   [cash_flow] 6400/16516 processed
[14:27:22]   [cash_flow] 6600/16516 processed
[14:27:24]   [cash_flow] 6800/16516 processed
[14:27:25]   [cash_flow] 7000/16516 processed
[14:27:28]   [cash_flow] 7200/16516 processed
[14:27:30]   [cash_flow] 7400/16516 processed
[14:27:31]   [cash_flow] 7600/16516 processed
[14:27:33]   [cash_flow] 7800/16516 processed
[14:27:35]   [cash_flow] 8000/16516 processed
[14:27:37]   [cash_flow] 8200/16516 processed
[14:27:39]   [cash_flow] 8400/16516 processed
[14:27:41]   [cash_flow] 8600/16516 processed
[14:27:43]   [cash_flow] 8800/16516 processed
[14:27:45]   [cash_flow] 9000/16516 processed
[14:27:47]   [cash_flow] 9200/16516 processed
[14:27:48]   [cash_flow] 9400/16516 processed
[14:27:50]   [cash_flow] 9600/16516 processed
[14:27:52]   [cash_flow] 9800/16516 processed
[14:27:54]   [cash_flow] 10000/16516 processed
[14:27:56]   [cash_flow] 10200/16516 processed
[14:27:58]   [cash_flow] 10400/16516 processed
[14:28:00]   [cash_flow] 10600/16516 processed
[14:28:02]   [cash_flow] 10800/16516 processed
[14:28:04]   [cash_flow] 11000/16516 processed
[14:28:06]   [cash_flow] 11200/16516 processed
[14:28:08]   [cash_flow] 11400/16516 processed
[14:28:10]   [cash_flow] 11600/16516 processed
[14:28:12]   [cash_flow] 11800/16516 processed
[14:28:14]   [cash_flow] 12000/16516 processed
[14:28:16]   [cash_flow] 12200/16516 processed
[14:28:18]   [cash_flow] 12400/16516 processed
[14:28:20]   [cash_flow] 12600/16516 processed
[14:28:23]   [cash_flow] 12800/16516 processed
[14:28:25]   [cash_flow] 13000/16516 processed
[14:28:27]   [cash_flow] 13200/16516 processed
[14:28:29]   [cash_flow] 13400/16516 processed
[14:28:31]   [cash_flow] 13600/16516 processed
[14:28:33]   [cash_flow] 13800/16516 processed
[14:28:35]   [cash_flow] 14000/16516 processed
[14:28:37]   [cash_flow] 14200/16516 processed
[14:28:39]   [cash_flow] 14400/16516 processed
[14:28:41]   [cash_flow] 14600/16516 processed
[14:28:43]   [cash_flow] 14800/16516 processed
[14:28:45]   [cash_flow] 15000/16516 processed
[14:28:47]   [cash_flow] 15200/16516 processed
[14:28:49]   [cash_flow] 15400/16516 processed
[14:28:51]   [cash_flow] 15600/16516 processed
[14:28:54]   [cash_flow] 15800/16516 processed
[14:28:56]   [cash_flow] 16000/16516 processed
[14:28:57]   [cash_flow] 16200/16516 processed
[14:28:59]   [cash_flow] 16400/16516 processed
[14:29:01] [ratios] 16516 to fetch  (skipping 0 done/empty)
[14:29:03]   [ratios] 200/16516 processed
[14:29:05]   [ratios] 400/16516 processed
[14:29:06]   [ratios] 600/16516 processed
[14:29:08]   [ratios] 800/16516 processed
[14:29:10]   [ratios] 1000/16516 processed
[14:29:12]   [ratios] 1200/16516 processed
[14:29:13]   [ratios] 1400/16516 processed
[14:29:15]   [ratios] 1600/16516 processed
[14:29:17]   [ratios] 1800/16516 processed
[14:29:18]   [ratios] 2000/16516 processed
[14:29:20]   [ratios] 2200/16516 processed
[14:29:22]   [ratios] 2400/16516 processed
[14:29:24]   [ratios] 2600/16516 processed
[14:29:26]   [ratios] 2800/16516 processed
[14:29:27]   [ratios] 3000/16516 processed
[14:29:29]   [ratios] 3200/16516 processed
[14:29:31]   [ratios] 3400/16516 processed
[14:29:33]   [ratios] 3600/16516 processed
[14:29:35]   [ratios] 3800/16516 processed
[14:29:36]   [ratios] 4000/16516 processed
[14:29:38]   [ratios] 4200/16516 processed
[14:29:39]   [ratios] 4400/16516 processed
[14:29:41]   [ratios] 4600/16516 processed
[14:29:43]   [ratios] 4800/16516 processed
[14:29:45]   [ratios] 5000/16516 processed
[14:29:47]   [ratios] 5200/16516 processed
[14:29:48]   [ratios] 5400/16516 processed
[14:29:50]   [ratios] 5600/16516 processed
[14:29:52]   [ratios] 5800/16516 processed
[14:29:54]   [ratios] 6000/16516 processed
[14:29:56]   [ratios] 6200/16516 processed
[14:29:57]   [ratios] 6400/16516 processed
[14:29:59]   [ratios] 6600/16516 processed
[14:30:01]   [ratios] 6800/16516 processed
[14:30:02]   [ratios] 7000/16516 processed
[14:30:04]   [ratios] 7200/16516 processed
[14:30:06]   [ratios] 7400/16516 processed
[14:30:08]   [ratios] 7600/16516 processed
[14:30:10]   [ratios] 7800/16516 processed
[14:30:11]   [ratios] 8000/16516 processed
[14:30:13]   [ratios] 8200/16516 processed
[14:30:15]   [ratios] 8400/16516 processed
[14:30:17]   [ratios] 8600/16516 processed
[14:30:19]   [ratios] 8800/16516 processed
[14:30:20]   [ratios] 9000/16516 processed
[14:30:23]   [ratios] 9200/16516 processed
[14:30:25]   [ratios] 9400/16516 processed
[14:30:26]   [ratios] 9600/16516 processed
[14:30:28]   [ratios] 9800/16516 processed
[14:30:30]   [ratios] 10000/16516 processed
[14:30:32]   [ratios] 10200/16516 processed
[14:30:33]   [ratios] 10400/16516 processed
[14:30:35]   [ratios] 10600/16516 processed
[14:30:37]   [ratios] 10800/16516 processed
[14:30:39]   [ratios] 11000/16516 processed
[14:30:41]   [ratios] 11200/16516 processed
[14:30:42]   [ratios] 11400/16516 processed
[14:30:44]   [ratios] 11600/16516 processed
[14:30:46]   [ratios] 11800/16516 processed
[14:30:48]   [ratios] 12000/16516 processed
[14:30:50]   [ratios] 12200/16516 processed
[14:30:52]   [ratios] 12400/16516 processed
[14:30:54]   [ratios] 12600/16516 processed
[14:30:55]   [ratios] 12800/16516 processed
[14:30:57]   [ratios] 13000/16516 processed
[14:30:59]   [ratios] 13200/16516 processed
[14:31:01]   [ratios] 13400/16516 processed
[14:31:02]   [ratios] 13600/16516 processed
[14:31:04]   [ratios] 13800/16516 processed
[14:31:06]   [ratios] 14000/16516 processed
[14:31:07]   [ratios] 14200/16516 processed
[14:31:09]   [ratios] 14400/16516 processed
[14:31:11]   [ratios] 14600/16516 processed
[14:31:13]   [ratios] 14800/16516 processed
[14:31:15]   [ratios] 15000/16516 processed
[14:31:16]   [ratios] 15200/16516 processed
[14:31:18]   [ratios] 15400/16516 processed
[14:31:20]   [ratios] 15600/16516 processed
[14:31:22]   [ratios] 15800/16516 processed
[14:31:23]   [ratios] 16000/16516 processed
[14:31:25]   [ratios] 16200/16516 processed
[14:31:27]   [ratios] 16400/16516 processed
[14:31:28] [short_interest] 16516 to fetch  (skipping 0 done/empty)
[14:31:30]   [short_interest] 200/16516 processed
[14:31:32]   [short_interest] 400/16516 processed
[14:31:34]   [short_interest] 600/16516 processed
[14:31:36]   [short_interest] 800/16516 processed
[14:31:39]   [short_interest] 1000/16516 processed
[14:31:41]   [short_interest] 1200/16516 processed
[14:31:43]   [short_interest] 1400/16516 processed
[14:31:45]   [short_interest] 1600/16516 processed
[14:31:47]   [short_interest] 1800/16516 processed
[14:31:49]   [short_interest] 2000/16516 processed
[14:31:51]   [short_interest] 2200/16516 processed
[14:31:54]   [short_interest] 2400/16516 processed
[14:31:56]   [short_interest] 2600/16516 processed
[14:31:59]   [short_interest] 2800/16516 processed
[14:32:01]   [short_interest] 3000/16516 processed
[14:32:03]   [short_interest] 3200/16516 processed
[14:32:05]   [short_interest] 3400/16516 processed
[14:32:08]   [short_interest] 3600/16516 processed
[14:32:10]   [short_interest] 3800/16516 processed
[14:32:12]   [short_interest] 4000/16516 processed
[14:32:15]   [short_interest] 4200/16516 processed
[14:32:17]   [short_interest] 4400/16516 processed
[14:32:19]   [short_interest] 4600/16516 processed
[14:32:22]   [short_interest] 4800/16516 processed
[14:32:24]   [short_interest] 5000/16516 processed
[14:32:27]   [short_interest] 5200/16516 processed
[14:32:29]   [short_interest] 5400/16516 processed
[14:32:31]   [short_interest] 5600/16516 processed
[14:32:33]   [short_interest] 5800/16516 processed
[14:32:36]   [short_interest] 6000/16516 processed
[14:32:38]   [short_interest] 6200/16516 processed
[14:32:41]   [short_interest] 6400/16516 processed
[14:32:43]   [short_interest] 6600/16516 processed
[14:32:45]   [short_interest] 6800/16516 processed
[14:32:47]   [short_interest] 7000/16516 processed
[14:32:50]   [short_interest] 7200/16516 processed
[14:32:52]   [short_interest] 7400/16516 processed
[14:32:54]   [short_interest] 7600/16516 processed
[14:32:56]   [short_interest] 7800/16516 processed
[14:32:58]   [short_interest] 8000/16516 processed
[14:33:01]   [short_interest] 8200/16516 processed
[14:33:03]   [short_interest] 8400/16516 processed
[14:33:05]   [short_interest] 8600/16516 processed
[14:33:07]   [short_interest] 8800/16516 processed
[14:33:09]   [short_interest] 9000/16516 processed
[14:33:12]   [short_interest] 9200/16516 processed
[14:33:14]   [short_interest] 9400/16516 processed
[14:33:16]   [short_interest] 9600/16516 processed
[14:33:19]   [short_interest] 9800/16516 processed
[14:33:21]   [short_interest] 10000/16516 processed
[14:33:23]   [short_interest] 10200/16516 processed
[14:33:25]   [short_interest] 10400/16516 processed
[14:33:27]   [short_interest] 10600/16516 processed
[14:33:30]   [short_interest] 10800/16516 processed
[14:33:32]   [short_interest] 11000/16516 processed
[14:33:34]   [short_interest] 11200/16516 processed
[14:33:36]   [short_interest] 11400/16516 processed
[14:33:39]   [short_interest] 11600/16516 processed
[14:33:41]   [short_interest] 11800/16516 processed
[14:33:43]   [short_interest] 12000/16516 processed
[14:33:45]   [short_interest] 12200/16516 processed
[14:33:47]   [short_interest] 12400/16516 processed
[14:33:49]   [short_interest] 12600/16516 processed
[14:33:52]   [short_interest] 12800/16516 processed
[14:33:54]   [short_interest] 13000/16516 processed
[14:33:57]   [short_interest] 13200/16516 processed
[14:33:59]   [short_interest] 13400/16516 processed
[14:34:01]   [short_interest] 13600/16516 processed
[14:34:03]   [short_interest] 13800/16516 processed
[14:34:05]   [short_interest] 14000/16516 processed
[14:34:08]   [short_interest] 14200/16516 processed
[14:34:10]   [short_interest] 14400/16516 processed
[14:34:12]   [short_interest] 14600/16516 processed
[14:34:14]   [short_interest] 14800/16516 processed
[14:34:16]   [short_interest] 15000/16516 processed
[14:34:18]   [short_interest] 15200/16516 processed
[14:34:20]   [short_interest] 15400/16516 processed
[14:34:22]   [short_interest] 15600/16516 processed
[14:34:24]   [short_interest] 15800/16516 processed
[14:34:26]   [short_interest] 16000/16516 processed
[14:34:28]   [short_interest] 16200/16516 processed
[14:34:30]   [short_interest] 16400/16516 processed
[14:34:31] [short_volume] 16516 to fetch  (skipping 0 done/empty)
[14:34:34]   [short_volume] 200/16516 processed
[14:34:37]   [short_volume] 400/16516 processed
[14:34:40]   [short_volume] 600/16516 processed
[14:34:42]   [short_volume] 800/16516 processed
[14:34:44]   [short_volume] 1000/16516 processed
[14:34:46]   [short_volume] 1200/16516 processed
[14:34:49]   [short_volume] 1400/16516 processed
[14:34:51]   [short_volume] 1600/16516 processed
[14:34:54]   [short_volume] 1800/16516 processed
[14:34:56]   [short_volume] 2000/16516 processed
[14:34:58]   [short_volume] 2200/16516 processed
[14:35:00]   [short_volume] 2400/16516 processed
[14:35:02]   [short_volume] 2600/16516 processed
[14:35:05]   [short_volume] 2800/16516 processed
[14:35:07]   [short_volume] 3000/16516 processed
[14:35:09]   [short_volume] 3200/16516 processed
[14:35:11]   [short_volume] 3400/16516 processed
[14:35:13]   [short_volume] 3600/16516 processed
[14:35:16]   [short_volume] 3800/16516 processed
[14:35:17]   [short_volume] 4000/16516 processed
[14:35:19]   [short_volume] 4200/16516 processed
[14:35:22]   [short_volume] 4400/16516 processed
[14:35:24]   [short_volume] 4600/16516 processed
[14:35:26]   [short_volume] 4800/16516 processed
[14:35:28]   [short_volume] 5000/16516 processed
[14:35:30]   [short_volume] 5200/16516 processed
[14:35:32]   [short_volume] 5400/16516 processed
[14:35:34]   [short_volume] 5600/16516 processed
[14:35:37]   [short_volume] 5800/16516 processed
[14:35:39]   [short_volume] 6000/16516 processed
[14:35:42]   [short_volume] 6200/16516 processed
[14:35:44]   [short_volume] 6400/16516 processed
[14:35:46]   [short_volume] 6600/16516 processed
[14:35:48]   [short_volume] 6800/16516 processed
[14:35:50]   [short_volume] 7000/16516 processed
[14:35:53]   [short_volume] 7200/16516 processed
[14:35:56]   [short_volume] 7400/16516 processed
[14:35:58]   [short_volume] 7600/16516 processed
[14:36:00]   [short_volume] 7800/16516 processed
[14:36:02]   [short_volume] 8000/16516 processed
[14:36:04]   [short_volume] 8200/16516 processed
[14:36:06]   [short_volume] 8400/16516 processed
[14:36:09]   [short_volume] 8600/16516 processed
[14:36:11]   [short_volume] 8800/16516 processed
[14:36:12]   FAILED short_volume LOGI: HTTP 403: 
[14:36:12]   FAILED short_volume LOJN: HTTP 403: 
[14:36:13]   [short_volume] 9000/16516 processed
[14:36:15]   [short_volume] 9200/16516 processed
[14:36:18]   [short_volume] 9400/16516 processed
[14:36:20]   [short_volume] 9600/16516 processed
[14:36:22]   [short_volume] 9800/16516 processed
[14:36:22]   FAILED short_volume LPI: HTTP 403: 
[14:36:23]   FAILED short_volume LRND: HTTP 403: 
[14:36:24]   [short_volume] 10000/16516 processed
[14:36:26]   [short_volume] 10200/16516 processed
[14:36:28]   [short_volume] 10400/16516 processed
[14:36:30]   [short_volume] 10600/16516 processed
[14:36:32]   [short_volume] 10800/16516 processed
[14:36:35]   [short_volume] 11000/16516 processed
[14:36:37]   [short_volume] 11200/16516 processed
[14:36:40]   [short_volume] 11400/16516 processed
[14:36:42]   [short_volume] 11600/16516 processed
[14:36:44]   [short_volume] 11800/16516 processed
[14:36:46]   [short_volume] 12000/16516 processed
[14:36:48]   [short_volume] 12200/16516 processed
[14:36:50]   [short_volume] 12400/16516 processed
[14:36:53]   [short_volume] 12600/16516 processed
[14:36:55]   [short_volume] 12800/16516 processed
[14:36:57]   [short_volume] 13000/16516 processed
[14:36:59]   [short_volume] 13200/16516 processed
[14:37:01]   [short_volume] 13400/16516 processed
[14:37:03]   [short_volume] 13600/16516 processed
[14:37:06]   [short_volume] 13800/16516 processed
[14:37:09]   [short_volume] 14000/16516 processed
[14:37:11]   [short_volume] 14200/16516 processed
[14:37:13]   [short_volume] 14400/16516 processed
[14:37:15]   [short_volume] 14600/16516 processed
[14:37:18]   [short_volume] 14800/16516 processed
[14:37:20]   [short_volume] 15000/16516 processed
[14:37:23]   [short_volume] 15200/16516 processed
[14:37:25]   [short_volume] 15400/16516 processed
[14:37:27]   [short_volume] 15600/16516 processed
[14:37:29]   [short_volume] 15800/16516 processed
[14:37:31]   [short_volume] 16000/16516 processed
[14:37:34]   [short_volume] 16200/16516 processed
[14:37:36]   [short_volume] 16400/16516 processed
[14:37:38] [log] fundamentals finished OK in 1007.0s
