[14:10:23] [log] writing to /Users/ahmade/Documents/rv_estimator/polygon_data_download/logs/20260526T141023_polygon_corporate-actions.log
[14:10:23] [log] argv: /Users/ahmade/Documents/rv_estimator/polygon_data_download/download.py corporate-actions --workers 12
[14:10:27] [splits] wrote /Users/ahmade/Documents/rv_estimator/polygon_parquet/corporate_actions/splits.parquet  (26,902 rows)
[14:18:39] [dividends] wrote /Users/ahmade/Documents/rv_estimator/polygon_parquet/corporate_actions/dividends.parquet  (707,167 rows)
[14:18:39] [ticker_events] 16516 to fetch  (skipping 0 done/empty/unavailable)
[14:18:41]   [ticker_events] 200/16516 processed
[14:18:43]   [ticker_events] 400/16516 processed
[14:18:44]   [ticker_events] 600/16516 processed
[14:18:46]   [ticker_events] 800/16516 processed
[14:18:47]   [ticker_events] 1000/16516 processed
[14:18:49]   [ticker_events] 1200/16516 processed
[14:18:51]   [ticker_events] 1400/16516 processed
[14:18:52]   [ticker_events] 1600/16516 processed
[14:18:54]   [ticker_events] 1800/16516 processed
[14:18:55]   [ticker_events] 2000/16516 processed
[14:18:57]   [ticker_events] 2200/16516 processed
[14:18:58]   [ticker_events] 2400/16516 processed
[14:19:00]   [ticker_events] 2600/16516 processed
[14:19:02]   [ticker_events] 2800/16516 processed
[14:19:03]   [ticker_events] 3000/16516 processed
[14:19:05]   [ticker_events] 3200/16516 processed
[14:19:06]   [ticker_events] 3400/16516 processed
[14:19:08]   [ticker_events] 3600/16516 processed
[14:19:10]   [ticker_events] 3800/16516 processed
[14:19:11]   [ticker_events] 4000/16516 processed
[14:19:13]   [ticker_events] 4200/16516 processed
[14:19:14]   [ticker_events] 4400/16516 processed
[14:19:16]   [ticker_events] 4600/16516 processed
[14:19:18]   [ticker_events] 4800/16516 processed
[14:19:19]   [ticker_events] 5000/16516 processed
[14:19:21]   [ticker_events] 5200/16516 processed
[14:19:22]   [ticker_events] 5400/16516 processed
[14:19:24]   [ticker_events] 5600/16516 processed
[14:19:25]   [ticker_events] 5800/16516 processed
[14:19:27]   [ticker_events] 6000/16516 processed
[14:19:29]   [ticker_events] 6200/16516 processed
[14:19:30]   [ticker_events] 6400/16516 processed
[14:19:32]   [ticker_events] 6600/16516 processed
[14:19:33]   [ticker_events] 6800/16516 processed
[14:19:35]   [ticker_events] 7000/16516 processed
[14:19:37]   [ticker_events] 7200/16516 processed
[14:19:38]   [ticker_events] 7400/16516 processed
[14:19:40]   [ticker_events] 7600/16516 processed
[14:19:41]   [ticker_events] 7800/16516 processed
[14:19:43]   [ticker_events] 8000/16516 processed
[14:19:44]   [ticker_events] 8200/16516 processed
[14:19:46]   [ticker_events] 8400/16516 processed
[14:19:48]   [ticker_events] 8600/16516 processed
[14:19:49]   [ticker_events] 8800/16516 processed
[14:19:51]   [ticker_events] 9000/16516 processed
[14:19:53]   [ticker_events] 9200/16516 processed
[14:19:54]   [ticker_events] 9400/16516 processed
[14:19:56]   [ticker_events] 9600/16516 processed
[14:19:57]   [ticker_events] 9800/16516 processed
[14:19:59]   [ticker_events] 10000/16516 processed
[14:20:00]   [ticker_events] 10200/16516 processed
[14:20:02]   [ticker_events] 10400/16516 processed
[14:20:04]   [ticker_events] 10600/16516 processed
[14:20:05]   [ticker_events] 10800/16516 processed
[14:20:07]   [ticker_events] 11000/16516 processed
[14:20:09]   [ticker_events] 11200/16516 processed
[14:20:10]   [ticker_events] 11400/16516 processed
[14:20:12]   [ticker_events] 11600/16516 processed
[14:20:13]   [ticker_events] 11800/16516 processed
[14:20:15]   [ticker_events] 12000/16516 processed
[14:20:17]   [ticker_events] 12200/16516 processed
[14:20:18]   [ticker_events] 12400/16516 processed
[14:20:20]   [ticker_events] 12600/16516 processed
[14:20:22]   [ticker_events] 12800/16516 processed
[14:20:23]   [ticker_events] 13000/16516 processed
[14:20:25]   [ticker_events] 13200/16516 processed
[14:20:26]   [ticker_events] 13400/16516 processed
[14:20:28]   [ticker_events] 13600/16516 processed
[14:20:29]   [ticker_events] 13800/16516 processed
[14:20:31]   [ticker_events] 14000/16516 processed
[14:20:33]   [ticker_events] 14200/16516 processed
[14:20:34]   [ticker_events] 14400/16516 processed
[14:20:36]   [ticker_events] 14600/16516 processed
[14:20:37]   [ticker_events] 14800/16516 processed
[14:20:39]   [ticker_events] 15000/16516 processed
[14:20:40]   [ticker_events] 15200/16516 processed
[14:20:42]   [ticker_events] 15400/16516 processed
[14:20:44]   [ticker_events] 15600/16516 processed
[14:20:45]   [ticker_events] 15800/16516 processed
[14:20:47]   [ticker_events] 16000/16516 processed
[14:20:48]   [ticker_events] 16200/16516 processed
[14:20:50]   [ticker_events] 16400/16516 processed
[14:20:51]   [ticker_events] /Users/ahmade/Documents/rv_estimator/polygon_parquet/corporate_actions/ticker_events.parquet now has 9,593 rows
[14:20:51] [log] corporate-actions finished OK in 627.3s
