[14:38:24] [log] writing to /Users/ahmade/Documents/rv_estimator/polygon_data_download/logs/20260526T143824_polygon_corporate-actions.log
[14:38:24] [log] argv: /Users/ahmade/Documents/rv_estimator/polygon_data_download/download.py corporate-actions --datasets ticker_events --force --workers 12
[14:38:24] [ticker_events] 16516 to fetch  (skipping 0 done/empty/unavailable)
[14:38:26]   [ticker_events] 200/16516 processed
[14:38:28]   [ticker_events] 400/16516 processed
[14:38:29]   [ticker_events] 600/16516 processed
[14:38:31]   [ticker_events] 800/16516 processed
[14:38:32]   [ticker_events] 1000/16516 processed
[14:38:34]   [ticker_events] 1200/16516 processed
[14:38:36]   [ticker_events] 1400/16516 processed
[14:38:37]   [ticker_events] 1600/16516 processed
[14:38:39]   [ticker_events] 1800/16516 processed
[14:38:40]   [ticker_events] 2000/16516 processed
[14:38:42]   [ticker_events] 2200/16516 processed
[14:38:43]   [ticker_events] 2400/16516 processed
[14:38:45]   [ticker_events] 2600/16516 processed
[14:38:47]   [ticker_events] 2800/16516 processed
[14:38:48]   [ticker_events] 3000/16516 processed
[14:38:50]   [ticker_events] 3200/16516 processed
[14:38:51]   [ticker_events] 3400/16516 processed
[14:38:53]   [ticker_events] 3600/16516 processed
[14:38:55]   [ticker_events] 3800/16516 processed
[14:38:56]   [ticker_events] 4000/16516 processed
[14:38:58]   [ticker_events] 4200/16516 processed
[14:38:59]   [ticker_events] 4400/16516 processed
[14:39:01]   [ticker_events] 4600/16516 processed
[14:39:02]   [ticker_events] 4800/16516 processed
[14:39:04]   [ticker_events] 5000/16516 processed
[14:39:05]   [ticker_events] 5200/16516 processed
[14:39:07]   [ticker_events] 5400/16516 processed
[14:39:09]   [ticker_events] 5600/16516 processed
[14:39:10]   [ticker_events] 5800/16516 processed
[14:39:12]   [ticker_events] 6000/16516 processed
[14:39:14]   [ticker_events] 6200/16516 processed
[14:39:15]   [ticker_events] 6400/16516 processed
[14:39:17]   [ticker_events] 6600/16516 processed
[14:39:19]   [ticker_events] 6800/16516 processed
[14:39:20]   [ticker_events] 7000/16516 processed
[14:39:22]   [ticker_events] 7200/16516 processed
[14:39:23]   [ticker_events] 7400/16516 processed
[14:39:25]   [ticker_events] 7600/16516 processed
[14:39:26]   [ticker_events] 7800/16516 processed
[14:39:28]   [ticker_events] 8000/16516 processed
[14:39:29]   [ticker_events] 8200/16516 processed
[14:39:31]   [ticker_events] 8400/16516 processed
[14:39:33]   [ticker_events] 8600/16516 processed
[14:39:34]   [ticker_events] 8800/16516 processed
[14:39:36]   [ticker_events] 9000/16516 processed
[14:39:38]   [ticker_events] 9200/16516 processed
[14:39:39]   [ticker_events] 9400/16516 processed
[14:39:41]   [ticker_events] 9600/16516 processed
[14:39:42]   [ticker_events] 9800/16516 processed
[14:39:44]   [ticker_events] 10000/16516 processed
[14:39:46]   [ticker_events] 10200/16516 processed
[14:39:47]   [ticker_events] 10400/16516 processed
[14:39:49]   [ticker_events] 10600/16516 processed
[14:39:51]   [ticker_events] 10800/16516 processed
[14:39:52]   [ticker_events] 11000/16516 processed
[14:39:54]   [ticker_events] 11200/16516 processed
[14:39:56]   [ticker_events] 11400/16516 processed
[14:39:57]   [ticker_events] 11600/16516 processed
[14:39:59]   [ticker_events] 11800/16516 processed
[14:40:01]   [ticker_events] 12000/16516 processed
[14:40:02]   [ticker_events] 12200/16516 processed
[14:40:04]   [ticker_events] 12400/16516 processed
[14:40:06]   [ticker_events] 12600/16516 processed
[14:40:07]   [ticker_events] 12800/16516 processed
[14:40:09]   [ticker_events] 13000/16516 processed
[14:40:10]   [ticker_events] 13200/16516 processed
[14:40:12]   [ticker_events] 13400/16516 processed
[14:40:14]   [ticker_events] 13600/16516 processed
[14:40:15]   [ticker_events] 13800/16516 processed
[14:40:17]   [ticker_events] 14000/16516 processed
[14:40:19]   [ticker_events] 14200/16516 processed
[14:40:20]   [ticker_events] 14400/16516 processed
[14:40:22]   [ticker_events] 14600/16516 processed
[14:40:23]   [ticker_events] 14800/16516 processed
[14:40:25]   [ticker_events] 15000/16516 processed
[14:40:27]   [ticker_events] 15200/16516 processed
[14:40:28]   [ticker_events] 15400/16516 processed
[14:40:30]   [ticker_events] 15600/16516 processed
[14:40:31]   [ticker_events] 15800/16516 processed
[14:40:33]   [ticker_events] 16000/16516 processed
[14:40:34]   [ticker_events] 16200/16516 processed
[14:40:36]   [ticker_events] 16400/16516 processed
[14:40:37]   [ticker_events] /Users/ahmade/Documents/rv_estimator/polygon_parquet/corporate_actions/ticker_events.parquet now has 10,579 rows
[14:40:37] [log] corporate-actions finished OK in 133.0s
